<?xml version="1.0" encoding="UTF-8"?>
<!-- Generated by org.testng.reporters.JUnitReportReporter -->
<testsuite hostname="DESKTOP-C4MOHRM" failures="0" tests="1" name="Testcase.postrequest" time="6.743" errors="0" timestamp="2025-08-07T10:35:16 IST" skipped="0">
  <testcase classname="Testcase.postrequest" name="post" time="6.743"/>
  <system-out/>
</testsuite> <!-- Testcase.postrequest -->
