<?xml version="1.0" encoding="UTF-8"?>
<!-- Generated by org.testng.reporters.JUnitReportReporter -->
<testsuite hostname="DESKTOP-C4MOHRM" failures="0" tests="4" name="TestRunner.CucumberTestNGRunner" time="10.681" errors="0" timestamp="2025-08-08T10:40:36 IST" skipped="0">
  <testcase classname="TestRunner.CucumberTestNGRunner" name="runScenario" time="3.199"/>
  <system-out/>
  <testcase classname="TestRunner.CucumberTestNGRunner" name="runScenario" time="2.199"/>
  <system-out/>
  <testcase classname="TestRunner.CucumberTestNGRunner" name="runScenario" time="2.654"/>
  <system-out/>
  <testcase classname="TestRunner.CucumberTestNGRunner" name="runScenario" time="2.629"/>
  <system-out/>
</testsuite> <!-- TestRunner.CucumberTestNGRunner -->
