<?xml version="1.0" encoding="UTF-8"?>
<!-- Generated by org.testng.reporters.JUnitReportReporter -->
<testsuite hostname="DESKTOP-C4MOHRM" failures="0" tests="1" name="Testcase.deleterequest" time="14.067" errors="0" timestamp="2025-08-07T10:35:16 IST" skipped="0">
  <testcase classname="Testcase.deleterequest" name="delete" time="14.067"/>
  <system-out/>
</testsuite> <!-- Testcase.deleterequest -->
